MPASM 5.87                  FIRST_PATRON.ASM   9-12-2024  8:58:26         PAGE  1


LOC  OBJECT CODE     LINE SOURCE TEXT
  VALUE

                      00001 ; PIC16F887 Configuration Bit Settings
                      00002 
                      00003 ; Assembly source line config statements
                      00004 #include "p16f887.inc"
                      00001         LIST
                      00002 
                      00003 ;==========================================================================
                      00004 ; Build date : Jan 06 2020
                      00005 ;  MPASM PIC16F887 processor include
                      00006 ; 
                      00007 ;  (c) Copyright 1999-2020 Microchip Technology, All rights reserved
                      00008 ;==========================================================================
                      00009 
                      00810         LIST
                      00005 
                      00006 ; CONFIG1
                      00007 ; __config 0x20D5
                      00008 __CONFIG _CONFIG1, _FOSC_INTRC_CLKOUT & _WDTE_OFF & _PWRTE_OFF & _MCLRE_OFF & _CP_OFF & _CPD_OFF & _BORE
                            N_OFF & _IESO_OFF & _FCMEN_OFF & _LVP_OFF
                      00009 ; CONFIG2
                      00010 ; __config 0x3FFF
                      00011 __CONFIG _CONFIG2, _BOR4V_BOR40V & _WRT_OFF
                      00012 
                      00013     LIST P=16F887
                      00014 
                      00015 N       EQU 0xD0      
                      00016 cont1   EQU 0x20    
                      00017 cont2   EQU 0x21
                      00018 cont3   EQU 0x22
                      00019 
                      00020     ORG 0x00
                      00021     GOTO INICIO     
                      00022 
                      00023     INICIO
                      00024     BCF STATUS, RP1   
                      00025     BSF STATUS, RP0  
                      00026     MOVLW 0x71

                      00027     MOVWF OSCCON     
                      00028 
                      00029     MOVLW 0x10

                       00030     MOVWF TRISA       

                      00031     CLRF TRISD       
                      00032 
                      00033     BSF STATUS, RP1   

                      00034     CLRF ANSEL        
                      00035     
                      00036     BCF STATUS, RP0   
                      00037     BCF STATUS, RP1
                      00038 
                      00039  SECUENCIA1    
                      00040     MOVLW 0x05
                      00041     MOVWF cont3       
                      00042 
                      00043     MOVLW 0x80        
                      00044     MOVWF PORTD
                      00045 
                      00046 LOOP1
                      00047     CALL RETARDO      
                      00048     CALL RETARDO
  
                      00049     RRF PORTD        ; Desplazar a la derecha
                      00050     BSF PORTD,7      ; Mantener encendido el LED del bit 7
                      00051     DECFSZ cont3, 0   ; Decrementar cont3, si es cero, continuar
                      00052     GOTO LOOP1        ; Repetir si cont3 no es cero
                      00053 
                      00054     GOTO SECUENCIA1  ; Volver a la secuencia 1
                      00055 
                      00056 
                      00057 RETARDO
                      00058     MOVLW N
                      00059     MOVWF cont1
                      00060 
                      00061 REP_1
                      00062     MOVLW N
                      00063     MOVWF cont2
                      00064 
                      00065 REP_2
                      00066     DECFSZ cont2, 1
                      00067     GOTO REP_2
                      00068     DECFSZ cont1, 1
                      00069     GOTO REP_1
                      00070     RETURN
                      00071 
                      00072     END
MPASM 5.87                  FIRST_PATRON.ASM   9-12-2024  8:58:26         PAGE  3




Errors   :     0
Warnings :     2 reported,     0 suppressed
Messages :     5 reported,     0 suppressed


